0 info it worked if it ends with ok
1 verbose cli [ '/usr/bin/node', '/usr/bin/npm', 'start' ]
2 info using npm@2.7.4
3 info using node@v0.12.2
4 verbose node symlink /usr/bin/node
5 verbose run-script [ 'prestart', 'start', 'poststart' ]
6 info prestart usercycle2-workers@0.0.1
7 info start usercycle2-workers@0.0.1
8 verbose unsafe-perm in lifecycle true
9 info usercycle2-workers@0.0.1 Failed to exec start script
10 verbose stack Error: usercycle2-workers@0.0.1 start: `gulp`
10 verbose stack Exit status 1
10 verbose stack     at EventEmitter.<anonymous> (/usr/lib/node_modules/npm/lib/utils/lifecycle.js:213:16)
10 verbose stack     at EventEmitter.emit (events.js:110:17)
10 verbose stack     at ChildProcess.<anonymous> (/usr/lib/node_modules/npm/lib/utils/spawn.js:14:12)
10 verbose stack     at ChildProcess.emit (events.js:110:17)
10 verbose stack     at maybeClose (child_process.js:1015:16)
10 verbose stack     at Process.ChildProcess._handle.onexit (child_process.js:1087:5)
11 verbose pkgid usercycle2-workers@0.0.1
12 verbose cwd /home/schnie/repos/usercycle2-workers
13 error Linux 3.16.0-33-generic
14 error argv "/usr/bin/node" "/usr/bin/npm" "start"
15 error node v0.12.2
16 error npm  v2.7.4
17 error code ELIFECYCLE
18 error usercycle2-workers@0.0.1 start: `gulp`
18 error Exit status 1
19 error Failed at the usercycle2-workers@0.0.1 start script 'gulp'.
19 error This is most likely a problem with the usercycle2-workers package,
19 error not with npm itself.
19 error Tell the author that this fails on your system:
19 error     gulp
19 error You can get their info via:
19 error     npm owner ls usercycle2-workers
19 error There is likely additional logging output above.
20 verbose exit [ 1, true ]
